[debug] [2019-11-09T05:22:41.889Z] ----------------------------------------------------------------------
[debug] [2019-11-09T05:22:41.894Z] Command:       D:\Program Files\nodejs\node.exe C:\Users\rtlee\AppData\Roaming\npm\node_modules\firebase-tools\lib\bin\firebase.js init functions
[debug] [2019-11-09T05:22:41.895Z] CLI Version:   7.6.1
[debug] [2019-11-09T05:22:41.895Z] Platform:      win32
[debug] [2019-11-09T05:22:41.895Z] Node Version:  v10.16.3
[debug] [2019-11-09T05:22:41.896Z] Time:          Sat Nov 09 2019 13:22:41 GMT+0800 (Philippine Standard Time)
[debug] [2019-11-09T05:22:41.896Z] ----------------------------------------------------------------------
[debug] [2019-11-09T05:22:41.896Z] 
[debug] [2019-11-09T05:22:41.908Z] > command requires scopes: ["email","openid","https://www.googleapis.com/auth/cloudplatformprojects.readonly","https://www.googleapis.com/auth/firebase","https://www.googleapis.com/auth/cloud-platform"]
[debug] [2019-11-09T05:22:41.909Z] > authorizing via signed-in user
[info] 
     ######## #### ########  ######## ########     ###     ######  ########
     ##        ##  ##     ## ##       ##     ##  ##   ##  ##       ##
     ######    ##  ########  ######   ########  #########  ######  ######
     ##        ##  ##    ##  ##       ##     ## ##     ##       ## ##
     ##       #### ##     ## ######## ########  ##     ##  ######  ########

You're about to initialize a Firebase project in this directory:

  D:\Mico\Angular\Hackathon\power-rest

[info] 
=== Project Setup
[info] 
[info] First, let's associate this project directory with a Firebase project.
[info] You can create multiple project aliases by running firebase use --add, 
[info] but for now we'll just set up a default project.
[info] 
[debug] [2019-11-09T05:24:43.540Z] > refreshing access token with scopes: ["email","https://www.googleapis.com/auth/cloud-platform","https://www.googleapis.com/auth/cloudplatformprojects.readonly","https://www.googleapis.com/auth/firebase","openid"]
[debug] [2019-11-09T05:24:43.541Z] >>> HTTP REQUEST POST https://www.googleapis.com/oauth2/v3/token  
 <request body omitted>
[debug] [2019-11-09T05:24:44.614Z] <<< HTTP RESPONSE 200
[debug] [2019-11-09T05:24:44.621Z] >>> HTTP REQUEST GET https://firebase.googleapis.com/v1beta1/projects?pageSize=100  
 
[debug] [2019-11-09T05:24:47.617Z] <<< HTTP RESPONSE 200
[info] i  Using project power-rest (power-rest)
[info] 
=== Functions Setup
[info] 
[info] A functions directory will be created in your project with a Node.js
[info] package pre-configured. Functions can be deployed with firebase deploy.
[info] 
[debug] [2019-11-09T05:24:54.009Z] > command requires scopes: ["email","openid","https://www.googleapis.com/auth/cloudplatformprojects.readonly","https://www.googleapis.com/auth/firebase","https://www.googleapis.com/auth/cloud-platform"]
[debug] [2019-11-09T05:24:54.009Z] > authorizing via signed-in user
[debug] [2019-11-09T05:24:54.010Z] >>> HTTP REQUEST GET https://firebase.googleapis.com/v1beta1/projects/power-rest  
 
[debug] [2019-11-09T05:24:54.762Z] <<< HTTP RESPONSE 200
[debug] [2019-11-09T05:24:54.767Z] >>> HTTP REQUEST POST https://serviceusage.googleapis.com/v1/projects/power-rest/services/cloudfunctions.googleapis.com:enable  
 
[debug] [2019-11-09T05:24:54.768Z] >>> HTTP REQUEST POST https://serviceusage.googleapis.com/v1/projects/power-rest/services/runtimeconfig.googleapis.com:enable  
 
[debug] [2019-11-09T05:24:57.996Z] <<< HTTP RESPONSE 200
[debug] [2019-11-09T05:24:57.999Z] <<< HTTP RESPONSE 200
